<?xml version="1.0" encoding="UTF-8"?>
<!-- Generated by org.testng.reporters.JUnitXMLReporter -->
<testsuite ignored="0" hostname="LAPTOP-7O16CKC5" failures="0" tests="9" name="Chrome" time="0.067" errors="0" timestamp="2022-09-10T13:35:30 IST">
  <testcase classname="Test_package.Testclass_testng" name="testA" time="0.007"/>
  <testcase classname="Test_package.TestClass_B" name="testA" time="0.006"/>
  <testcase classname="Test_package.Testclass_testng" name="testB" time="0.0"/>
  <testcase classname="Test_package.TestClass_B" name="testB" time="0.001"/>
  <testcase classname="Test_package.Testclass_testng" name="testC" time="0.001"/>
  <testcase classname="Test_package.TestClass_B" name="testC" time="0.001"/>
  <testcase classname="Test_package.TestClass_A" name="testA" time="0.001"/>
  <testcase classname="Test_package.TestClass_A" name="testB" time="0.0"/>
  <testcase classname="Test_package.TestClass_A" name="testC" time="0.0"/>
</testsuite> <!-- Chrome -->
