<?xml version="1.0" encoding="UTF-8"?>
<!-- Generated by org.testng.reporters.JUnitXMLReporter -->
<testsuite ignored="0" hostname="LAPTOP-7O16CKC5" failures="0" tests="9" name="Test" time="0.083" errors="0" timestamp="2022-09-10T00:35:01 IST">
  <testcase classname="Test_package.Testclass_testng" name="testA" time="0.005"/>
  <testcase classname="Test_package.Testclass_testng" name="testB" time="0.002"/>
  <testcase classname="Test_package.Testclass_testng" name="testC" time="0.001"/>
  <testcase classname="Test_package.TestClass_B" name="testA" time="0.001"/>
  <testcase classname="Test_package.TestClass_B" name="testB" time="0.0"/>
  <testcase classname="Test_package.TestClass_B" name="testC" time="0.0"/>
  <testcase classname="Test_package.TestClass_A" name="testA" time="0.001"/>
  <testcase classname="Test_package.TestClass_A" name="testB" time="0.0"/>
  <testcase classname="Test_package.TestClass_A" name="testC" time="0.0"/>
</testsuite> <!-- Test -->
